[2024-01-24T18:21:06.378+0800] {taskinstance.py:1090} INFO - Dependencies all met for dep_context=non-requeueable deps ti=<TaskInstance: youtube_comments_score.process_data manual__2024-01-24T10:20:39.873528+00:00 [queued]>
[2024-01-24T18:21:06.399+0800] {taskinstance.py:1090} INFO - Dependencies all met for dep_context=requeueable deps ti=<TaskInstance: youtube_comments_score.process_data manual__2024-01-24T10:20:39.873528+00:00 [queued]>
[2024-01-24T18:21:06.400+0800] {taskinstance.py:1288} INFO - 
--------------------------------------------------------------------------------
[2024-01-24T18:21:06.400+0800] {taskinstance.py:1289} INFO - Starting attempt 1 of 2
[2024-01-24T18:21:06.400+0800] {taskinstance.py:1290} INFO - 
--------------------------------------------------------------------------------
[2024-01-24T18:21:06.423+0800] {taskinstance.py:1309} INFO - Executing <Task(BashOperator): process_data> on 2024-01-24 10:20:39.873528+00:00
[2024-01-24T18:21:06.435+0800] {standard_task_runner.py:55} INFO - Started process 8979 to run task
[2024-01-24T18:21:06.440+0800] {standard_task_runner.py:82} INFO - Running: ['***', 'tasks', 'run', 'youtube_comments_score', 'process_data', 'manual__2024-01-24T10:20:39.873528+00:00', '--job-id', '134', '--raw', '--subdir', 'DAGS_FOLDER/youtube_comments_score.py', '--cfg-path', '/tmp/tmpaoe1ila3']
[2024-01-24T18:21:06.446+0800] {standard_task_runner.py:83} INFO - Job 134: Subtask process_data
[2024-01-24T18:21:06.677+0800] {task_command.py:389} INFO - Running <TaskInstance: youtube_comments_score.process_data manual__2024-01-24T10:20:39.873528+00:00 [running]> on host ml
[2024-01-24T18:21:06.861+0800] {taskinstance.py:1516} INFO - Exporting the following env vars:
AIRFLOW_CTX_DAG_OWNER=admin
AIRFLOW_CTX_DAG_ID=youtube_comments_score
AIRFLOW_CTX_TASK_ID=process_data
AIRFLOW_CTX_EXECUTION_DATE=2024-01-24T10:20:39.873528+00:00
AIRFLOW_CTX_TRY_NUMBER=1
AIRFLOW_CTX_DAG_RUN_ID=manual__2024-01-24T10:20:39.873528+00:00
[2024-01-24T18:21:06.864+0800] {subprocess.py:63} INFO - Tmp dir root location: 
 /tmp
[2024-01-24T18:21:06.865+0800] {subprocess.py:75} INFO - Running command: ['/usr/bin/bash', '-c', 'python3 /home/am/project/scripts/process_data.py']
[2024-01-24T18:21:06.888+0800] {subprocess.py:86} INFO - Output:
[2024-01-24T18:21:07.546+0800] {subprocess.py:97} INFO - Command exited with return code 0
[2024-01-24T18:21:07.642+0800] {taskinstance.py:1327} INFO - Marking task as SUCCESS. dag_id=youtube_comments_score, task_id=process_data, execution_date=20240124T102039, start_date=20240124T102106, end_date=20240124T102107
[2024-01-24T18:21:07.696+0800] {local_task_job.py:212} INFO - Task exited with return code 0
[2024-01-24T18:21:07.776+0800] {taskinstance.py:2596} INFO - 1 downstream tasks scheduled from follow-on schedule check
