[2024-01-24T18:05:31.954+0800] {taskinstance.py:1090} INFO - Dependencies all met for dep_context=non-requeueable deps ti=<TaskInstance: youtube_comments_score.train_model scheduled__2024-01-24T09:05:00+00:00 [queued]>
[2024-01-24T18:05:31.968+0800] {taskinstance.py:1090} INFO - Dependencies all met for dep_context=requeueable deps ti=<TaskInstance: youtube_comments_score.train_model scheduled__2024-01-24T09:05:00+00:00 [queued]>
[2024-01-24T18:05:31.968+0800] {taskinstance.py:1288} INFO - 
--------------------------------------------------------------------------------
[2024-01-24T18:05:31.969+0800] {taskinstance.py:1289} INFO - Starting attempt 1 of 2
[2024-01-24T18:05:31.969+0800] {taskinstance.py:1290} INFO - 
--------------------------------------------------------------------------------
[2024-01-24T18:05:31.989+0800] {taskinstance.py:1309} INFO - Executing <Task(BashOperator): train_model> on 2024-01-24 09:05:00+00:00
[2024-01-24T18:05:31.998+0800] {standard_task_runner.py:55} INFO - Started process 5649 to run task
[2024-01-24T18:05:32.003+0800] {standard_task_runner.py:82} INFO - Running: ['***', 'tasks', 'run', 'youtube_comments_score', 'train_model', 'scheduled__2024-01-24T09:05:00+00:00', '--job-id', '126', '--raw', '--subdir', 'DAGS_FOLDER/youtube_comments_score.py', '--cfg-path', '/tmp/tmp6lctxxjw']
[2024-01-24T18:05:32.005+0800] {standard_task_runner.py:83} INFO - Job 126: Subtask train_model
[2024-01-24T18:05:32.187+0800] {task_command.py:389} INFO - Running <TaskInstance: youtube_comments_score.train_model scheduled__2024-01-24T09:05:00+00:00 [running]> on host ml
[2024-01-24T18:05:32.346+0800] {taskinstance.py:1516} INFO - Exporting the following env vars:
AIRFLOW_CTX_DAG_OWNER=admin
AIRFLOW_CTX_DAG_ID=youtube_comments_score
AIRFLOW_CTX_TASK_ID=train_model
AIRFLOW_CTX_EXECUTION_DATE=2024-01-24T09:05:00+00:00
AIRFLOW_CTX_TRY_NUMBER=1
AIRFLOW_CTX_DAG_RUN_ID=scheduled__2024-01-24T09:05:00+00:00
[2024-01-24T18:05:32.348+0800] {subprocess.py:63} INFO - Tmp dir root location: 
 /tmp
[2024-01-24T18:05:32.349+0800] {subprocess.py:75} INFO - Running command: ['/usr/bin/bash', '-c', 'python3 /home/am/project/scripts/train_model.py']
[2024-01-24T18:05:32.389+0800] {subprocess.py:86} INFO - Output:
[2024-01-24T18:05:35.062+0800] {subprocess.py:97} INFO - Command exited with return code 0
[2024-01-24T18:05:35.156+0800] {taskinstance.py:1327} INFO - Marking task as SUCCESS. dag_id=youtube_comments_score, task_id=train_model, execution_date=20240124T090500, start_date=20240124T100531, end_date=20240124T100535
[2024-01-24T18:05:35.254+0800] {local_task_job.py:212} INFO - Task exited with return code 0
[2024-01-24T18:05:35.314+0800] {taskinstance.py:2596} INFO - 1 downstream tasks scheduled from follow-on schedule check
