[2024-01-24T02:11:31.603+0800] {taskinstance.py:1090} INFO - Dependencies all met for dep_context=non-requeueable deps ti=<TaskInstance: youtube_comments_score.get_data manual__2024-01-23T18:00:43.625433+00:00 [queued]>
[2024-01-24T02:11:31.614+0800] {taskinstance.py:1090} INFO - Dependencies all met for dep_context=requeueable deps ti=<TaskInstance: youtube_comments_score.get_data manual__2024-01-23T18:00:43.625433+00:00 [queued]>
[2024-01-24T02:11:31.615+0800] {taskinstance.py:1288} INFO - 
--------------------------------------------------------------------------------
[2024-01-24T02:11:31.615+0800] {taskinstance.py:1289} INFO - Starting attempt 2 of 2
[2024-01-24T02:11:31.615+0800] {taskinstance.py:1290} INFO - 
--------------------------------------------------------------------------------
[2024-01-24T02:11:31.637+0800] {taskinstance.py:1309} INFO - Executing <Task(BashOperator): get_data> on 2024-01-23 18:00:43.625433+00:00
[2024-01-24T02:11:31.644+0800] {standard_task_runner.py:55} INFO - Started process 39144 to run task
[2024-01-24T02:11:31.662+0800] {standard_task_runner.py:82} INFO - Running: ['***', 'tasks', 'run', 'youtube_comments_score', 'get_data', 'manual__2024-01-23T18:00:43.625433+00:00', '--job-id', '9', '--raw', '--subdir', 'DAGS_FOLDER/youtube_comments_score.py', '--cfg-path', '/tmp/tmpj4favxbt']
[2024-01-24T02:11:31.664+0800] {standard_task_runner.py:83} INFO - Job 9: Subtask get_data
[2024-01-24T02:11:31.988+0800] {task_command.py:389} INFO - Running <TaskInstance: youtube_comments_score.get_data manual__2024-01-23T18:00:43.625433+00:00 [running]> on host ml
[2024-01-24T02:11:32.169+0800] {taskinstance.py:1516} INFO - Exporting the following env vars:
AIRFLOW_CTX_DAG_OWNER=admin
AIRFLOW_CTX_DAG_ID=youtube_comments_score
AIRFLOW_CTX_TASK_ID=get_data
AIRFLOW_CTX_EXECUTION_DATE=2024-01-23T18:00:43.625433+00:00
AIRFLOW_CTX_TRY_NUMBER=2
AIRFLOW_CTX_DAG_RUN_ID=manual__2024-01-23T18:00:43.625433+00:00
[2024-01-24T02:11:32.173+0800] {subprocess.py:63} INFO - Tmp dir root location: 
 /tmp
[2024-01-24T02:11:32.175+0800] {subprocess.py:75} INFO - Running command: ['/usr/bin/bash', '-c', 'python3 /home/am/project/scripts/get_data.py']
[2024-01-24T02:11:32.196+0800] {subprocess.py:86} INFO - Output:
[2024-01-24T02:11:38.173+0800] {subprocess.py:97} INFO - Command exited with return code 0
[2024-01-24T02:11:38.287+0800] {taskinstance.py:1327} INFO - Marking task as SUCCESS. dag_id=youtube_comments_score, task_id=get_data, execution_date=20240123T180043, start_date=20240123T181131, end_date=20240123T181138
[2024-01-24T02:11:38.388+0800] {local_task_job.py:212} INFO - Task exited with return code 0
[2024-01-24T02:11:38.468+0800] {taskinstance.py:2596} INFO - 1 downstream tasks scheduled from follow-on schedule check
