[2024-01-24T18:27:04.744+0800] {taskinstance.py:1090} INFO - Dependencies all met for dep_context=non-requeueable deps ti=<TaskInstance: youtube_comments_score.train_model manual__2024-01-24T10:26:31.745584+00:00 [queued]>
[2024-01-24T18:27:04.755+0800] {taskinstance.py:1090} INFO - Dependencies all met for dep_context=requeueable deps ti=<TaskInstance: youtube_comments_score.train_model manual__2024-01-24T10:26:31.745584+00:00 [queued]>
[2024-01-24T18:27:04.756+0800] {taskinstance.py:1288} INFO - 
--------------------------------------------------------------------------------
[2024-01-24T18:27:04.756+0800] {taskinstance.py:1289} INFO - Starting attempt 1 of 2
[2024-01-24T18:27:04.756+0800] {taskinstance.py:1290} INFO - 
--------------------------------------------------------------------------------
[2024-01-24T18:27:04.774+0800] {taskinstance.py:1309} INFO - Executing <Task(BashOperator): train_model> on 2024-01-24 10:26:31.745584+00:00
[2024-01-24T18:27:04.791+0800] {standard_task_runner.py:55} INFO - Started process 10296 to run task
[2024-01-24T18:27:04.796+0800] {standard_task_runner.py:82} INFO - Running: ['***', 'tasks', 'run', 'youtube_comments_score', 'train_model', 'manual__2024-01-24T10:26:31.745584+00:00', '--job-id', '141', '--raw', '--subdir', 'DAGS_FOLDER/youtube_comments_score.py', '--cfg-path', '/tmp/tmpncog0lpi']
[2024-01-24T18:27:04.798+0800] {standard_task_runner.py:83} INFO - Job 141: Subtask train_model
[2024-01-24T18:27:05.017+0800] {task_command.py:389} INFO - Running <TaskInstance: youtube_comments_score.train_model manual__2024-01-24T10:26:31.745584+00:00 [running]> on host ml
[2024-01-24T18:27:05.197+0800] {taskinstance.py:1516} INFO - Exporting the following env vars:
AIRFLOW_CTX_DAG_OWNER=admin
AIRFLOW_CTX_DAG_ID=youtube_comments_score
AIRFLOW_CTX_TASK_ID=train_model
AIRFLOW_CTX_EXECUTION_DATE=2024-01-24T10:26:31.745584+00:00
AIRFLOW_CTX_TRY_NUMBER=1
AIRFLOW_CTX_DAG_RUN_ID=manual__2024-01-24T10:26:31.745584+00:00
[2024-01-24T18:27:05.199+0800] {subprocess.py:63} INFO - Tmp dir root location: 
 /tmp
[2024-01-24T18:27:05.200+0800] {subprocess.py:75} INFO - Running command: ['/usr/bin/bash', '-c', 'python3 /home/am/project/scripts/train_model.py']
[2024-01-24T18:27:05.232+0800] {subprocess.py:86} INFO - Output:
[2024-01-24T18:27:12.217+0800] {subprocess.py:93} INFO - Registered model 'lr' already exists. Creating a new version of this model...
[2024-01-24T18:27:12.283+0800] {subprocess.py:93} INFO - Created version '3' of model 'lr'.
[2024-01-24T18:27:12.955+0800] {subprocess.py:97} INFO - Command exited with return code 0
[2024-01-24T18:27:13.166+0800] {taskinstance.py:1327} INFO - Marking task as SUCCESS. dag_id=youtube_comments_score, task_id=train_model, execution_date=20240124T102631, start_date=20240124T102704, end_date=20240124T102713
[2024-01-24T18:27:13.240+0800] {local_task_job.py:212} INFO - Task exited with return code 0
[2024-01-24T18:27:13.357+0800] {taskinstance.py:2596} INFO - 1 downstream tasks scheduled from follow-on schedule check
