[2024-01-24T03:12:25.458+0800] {taskinstance.py:1090} INFO - Dependencies all met for dep_context=non-requeueable deps ti=<TaskInstance: youtube_comments_score.process_data manual__2024-01-23T19:05:50.691280+00:00 [queued]>
[2024-01-24T03:12:25.473+0800] {taskinstance.py:1090} INFO - Dependencies all met for dep_context=requeueable deps ti=<TaskInstance: youtube_comments_score.process_data manual__2024-01-23T19:05:50.691280+00:00 [queued]>
[2024-01-24T03:12:25.473+0800] {taskinstance.py:1288} INFO - 
--------------------------------------------------------------------------------
[2024-01-24T03:12:25.473+0800] {taskinstance.py:1289} INFO - Starting attempt 1 of 2
[2024-01-24T03:12:25.473+0800] {taskinstance.py:1290} INFO - 
--------------------------------------------------------------------------------
[2024-01-24T03:12:25.494+0800] {taskinstance.py:1309} INFO - Executing <Task(BashOperator): process_data> on 2024-01-23 19:05:50.691280+00:00
[2024-01-24T03:12:25.501+0800] {standard_task_runner.py:55} INFO - Started process 95371 to run task
[2024-01-24T03:12:25.516+0800] {standard_task_runner.py:82} INFO - Running: ['***', 'tasks', 'run', 'youtube_comments_score', 'process_data', 'manual__2024-01-23T19:05:50.691280+00:00', '--job-id', '38', '--raw', '--subdir', 'DAGS_FOLDER/youtube_comments_score.py', '--cfg-path', '/tmp/tmp3cpdl8ad']
[2024-01-24T03:12:25.517+0800] {standard_task_runner.py:83} INFO - Job 38: Subtask process_data
[2024-01-24T03:12:25.757+0800] {task_command.py:389} INFO - Running <TaskInstance: youtube_comments_score.process_data manual__2024-01-23T19:05:50.691280+00:00 [running]> on host ml
[2024-01-24T03:12:25.880+0800] {taskinstance.py:1516} INFO - Exporting the following env vars:
AIRFLOW_CTX_DAG_OWNER=admin
AIRFLOW_CTX_DAG_ID=youtube_comments_score
AIRFLOW_CTX_TASK_ID=process_data
AIRFLOW_CTX_EXECUTION_DATE=2024-01-23T19:05:50.691280+00:00
AIRFLOW_CTX_TRY_NUMBER=1
AIRFLOW_CTX_DAG_RUN_ID=manual__2024-01-23T19:05:50.691280+00:00
[2024-01-24T03:12:25.881+0800] {subprocess.py:63} INFO - Tmp dir root location: 
 /tmp
[2024-01-24T03:12:25.883+0800] {subprocess.py:75} INFO - Running command: ['/usr/bin/bash', '-c', 'python3 /home/am/project/scripts/process_data.py']
[2024-01-24T03:12:25.898+0800] {subprocess.py:86} INFO - Output:
[2024-01-24T03:12:26.311+0800] {subprocess.py:93} INFO - /home/am/project/scripts/process_data.py:1: DeprecationWarning:
[2024-01-24T03:12:26.311+0800] {subprocess.py:93} INFO - Pyarrow will become a required dependency of pandas in the next major release of pandas (pandas 3.0),
[2024-01-24T03:12:26.311+0800] {subprocess.py:93} INFO - (to allow more performant data types, such as the Arrow string type, and better interoperability with other libraries)
[2024-01-24T03:12:26.311+0800] {subprocess.py:93} INFO - but was not found to be installed on your system.
[2024-01-24T03:12:26.311+0800] {subprocess.py:93} INFO - If this would cause problems for you,
[2024-01-24T03:12:26.312+0800] {subprocess.py:93} INFO - please provide us feedback at https://github.com/pandas-dev/pandas/issues/54466
[2024-01-24T03:12:26.312+0800] {subprocess.py:93} INFO - 
[2024-01-24T03:12:26.312+0800] {subprocess.py:93} INFO -   import pandas as pd
[2024-01-24T03:12:26.404+0800] {subprocess.py:97} INFO - Command exited with return code 0
[2024-01-24T03:12:26.489+0800] {taskinstance.py:1327} INFO - Marking task as SUCCESS. dag_id=youtube_comments_score, task_id=process_data, execution_date=20240123T190550, start_date=20240123T191225, end_date=20240123T191226
[2024-01-24T03:12:26.556+0800] {local_task_job.py:212} INFO - Task exited with return code 0
[2024-01-24T03:12:26.609+0800] {taskinstance.py:2596} INFO - 1 downstream tasks scheduled from follow-on schedule check
