[2024-01-24T18:21:19.016+0800] {taskinstance.py:1090} INFO - Dependencies all met for dep_context=non-requeueable deps ti=<TaskInstance: youtube_comments_score.train_model manual__2024-01-24T10:20:39.873528+00:00 [queued]>
[2024-01-24T18:21:19.056+0800] {taskinstance.py:1090} INFO - Dependencies all met for dep_context=requeueable deps ti=<TaskInstance: youtube_comments_score.train_model manual__2024-01-24T10:20:39.873528+00:00 [queued]>
[2024-01-24T18:21:19.057+0800] {taskinstance.py:1288} INFO - 
--------------------------------------------------------------------------------
[2024-01-24T18:21:19.057+0800] {taskinstance.py:1289} INFO - Starting attempt 1 of 2
[2024-01-24T18:21:19.057+0800] {taskinstance.py:1290} INFO - 
--------------------------------------------------------------------------------
[2024-01-24T18:21:19.095+0800] {taskinstance.py:1309} INFO - Executing <Task(BashOperator): train_model> on 2024-01-24 10:20:39.873528+00:00
[2024-01-24T18:21:19.109+0800] {standard_task_runner.py:55} INFO - Started process 9042 to run task
[2024-01-24T18:21:19.113+0800] {standard_task_runner.py:82} INFO - Running: ['***', 'tasks', 'run', 'youtube_comments_score', 'train_model', 'manual__2024-01-24T10:20:39.873528+00:00', '--job-id', '136', '--raw', '--subdir', 'DAGS_FOLDER/youtube_comments_score.py', '--cfg-path', '/tmp/tmp7stzpafm']
[2024-01-24T18:21:19.115+0800] {standard_task_runner.py:83} INFO - Job 136: Subtask train_model
[2024-01-24T18:21:19.344+0800] {task_command.py:389} INFO - Running <TaskInstance: youtube_comments_score.train_model manual__2024-01-24T10:20:39.873528+00:00 [running]> on host ml
[2024-01-24T18:21:19.544+0800] {taskinstance.py:1516} INFO - Exporting the following env vars:
AIRFLOW_CTX_DAG_OWNER=admin
AIRFLOW_CTX_DAG_ID=youtube_comments_score
AIRFLOW_CTX_TASK_ID=train_model
AIRFLOW_CTX_EXECUTION_DATE=2024-01-24T10:20:39.873528+00:00
AIRFLOW_CTX_TRY_NUMBER=1
AIRFLOW_CTX_DAG_RUN_ID=manual__2024-01-24T10:20:39.873528+00:00
[2024-01-24T18:21:19.547+0800] {subprocess.py:63} INFO - Tmp dir root location: 
 /tmp
[2024-01-24T18:21:19.548+0800] {subprocess.py:75} INFO - Running command: ['/usr/bin/bash', '-c', 'python3 /home/am/project/scripts/train_model.py']
[2024-01-24T18:21:19.576+0800] {subprocess.py:86} INFO - Output:
[2024-01-24T18:21:32.049+0800] {subprocess.py:93} INFO - Registered model 'lr' already exists. Creating a new version of this model...
[2024-01-24T18:21:32.078+0800] {subprocess.py:93} INFO - Created version '2' of model 'lr'.
[2024-01-24T18:21:32.964+0800] {subprocess.py:97} INFO - Command exited with return code 0
[2024-01-24T18:21:33.156+0800] {taskinstance.py:1327} INFO - Marking task as SUCCESS. dag_id=youtube_comments_score, task_id=train_model, execution_date=20240124T102039, start_date=20240124T102119, end_date=20240124T102133
[2024-01-24T18:21:33.271+0800] {local_task_job.py:212} INFO - Task exited with return code 0
[2024-01-24T18:21:33.382+0800] {taskinstance.py:2596} INFO - 1 downstream tasks scheduled from follow-on schedule check
