[2024-01-24T18:20:44.472+0800] {taskinstance.py:1090} INFO - Dependencies all met for dep_context=non-requeueable deps ti=<TaskInstance: youtube_comments_score.get_data manual__2024-01-24T10:20:39.873528+00:00 [queued]>
[2024-01-24T18:20:44.485+0800] {taskinstance.py:1090} INFO - Dependencies all met for dep_context=requeueable deps ti=<TaskInstance: youtube_comments_score.get_data manual__2024-01-24T10:20:39.873528+00:00 [queued]>
[2024-01-24T18:20:44.485+0800] {taskinstance.py:1288} INFO - 
--------------------------------------------------------------------------------
[2024-01-24T18:20:44.485+0800] {taskinstance.py:1289} INFO - Starting attempt 1 of 2
[2024-01-24T18:20:44.485+0800] {taskinstance.py:1290} INFO - 
--------------------------------------------------------------------------------
[2024-01-24T18:20:44.504+0800] {taskinstance.py:1309} INFO - Executing <Task(BashOperator): get_data> on 2024-01-24 10:20:39.873528+00:00
[2024-01-24T18:20:44.515+0800] {standard_task_runner.py:55} INFO - Started process 8857 to run task
[2024-01-24T18:20:44.520+0800] {standard_task_runner.py:82} INFO - Running: ['***', 'tasks', 'run', 'youtube_comments_score', 'get_data', 'manual__2024-01-24T10:20:39.873528+00:00', '--job-id', '133', '--raw', '--subdir', 'DAGS_FOLDER/youtube_comments_score.py', '--cfg-path', '/tmp/tmpf1o2vuf5']
[2024-01-24T18:20:44.525+0800] {standard_task_runner.py:83} INFO - Job 133: Subtask get_data
[2024-01-24T18:20:44.765+0800] {task_command.py:389} INFO - Running <TaskInstance: youtube_comments_score.get_data manual__2024-01-24T10:20:39.873528+00:00 [running]> on host ml
[2024-01-24T18:20:45.067+0800] {taskinstance.py:1516} INFO - Exporting the following env vars:
AIRFLOW_CTX_DAG_OWNER=admin
AIRFLOW_CTX_DAG_ID=youtube_comments_score
AIRFLOW_CTX_TASK_ID=get_data
AIRFLOW_CTX_EXECUTION_DATE=2024-01-24T10:20:39.873528+00:00
AIRFLOW_CTX_TRY_NUMBER=1
AIRFLOW_CTX_DAG_RUN_ID=manual__2024-01-24T10:20:39.873528+00:00
[2024-01-24T18:20:45.072+0800] {subprocess.py:63} INFO - Tmp dir root location: 
 /tmp
[2024-01-24T18:20:45.075+0800] {subprocess.py:75} INFO - Running command: ['/usr/bin/bash', '-c', 'python3 /home/am/project/scripts/get_data.py']
[2024-01-24T18:20:45.101+0800] {subprocess.py:86} INFO - Output:
[2024-01-24T18:20:54.705+0800] {subprocess.py:97} INFO - Command exited with return code 0
[2024-01-24T18:20:54.840+0800] {taskinstance.py:1327} INFO - Marking task as SUCCESS. dag_id=youtube_comments_score, task_id=get_data, execution_date=20240124T102039, start_date=20240124T102044, end_date=20240124T102054
[2024-01-24T18:20:54.908+0800] {local_task_job.py:212} INFO - Task exited with return code 0
[2024-01-24T18:20:54.963+0800] {taskinstance.py:2596} INFO - 1 downstream tasks scheduled from follow-on schedule check
