[2024-01-24T18:26:50.799+0800] {taskinstance.py:1090} INFO - Dependencies all met for dep_context=non-requeueable deps ti=<TaskInstance: youtube_comments_score.process_data manual__2024-01-24T10:26:31.745584+00:00 [queued]>
[2024-01-24T18:26:50.821+0800] {taskinstance.py:1090} INFO - Dependencies all met for dep_context=requeueable deps ti=<TaskInstance: youtube_comments_score.process_data manual__2024-01-24T10:26:31.745584+00:00 [queued]>
[2024-01-24T18:26:50.822+0800] {taskinstance.py:1288} INFO - 
--------------------------------------------------------------------------------
[2024-01-24T18:26:50.822+0800] {taskinstance.py:1289} INFO - Starting attempt 1 of 2
[2024-01-24T18:26:50.822+0800] {taskinstance.py:1290} INFO - 
--------------------------------------------------------------------------------
[2024-01-24T18:26:50.840+0800] {taskinstance.py:1309} INFO - Executing <Task(BashOperator): process_data> on 2024-01-24 10:26:31.745584+00:00
[2024-01-24T18:26:50.851+0800] {standard_task_runner.py:55} INFO - Started process 10197 to run task
[2024-01-24T18:26:50.855+0800] {standard_task_runner.py:82} INFO - Running: ['***', 'tasks', 'run', 'youtube_comments_score', 'process_data', 'manual__2024-01-24T10:26:31.745584+00:00', '--job-id', '139', '--raw', '--subdir', 'DAGS_FOLDER/youtube_comments_score.py', '--cfg-path', '/tmp/tmpjz2l4qkf']
[2024-01-24T18:26:50.857+0800] {standard_task_runner.py:83} INFO - Job 139: Subtask process_data
[2024-01-24T18:26:51.057+0800] {task_command.py:389} INFO - Running <TaskInstance: youtube_comments_score.process_data manual__2024-01-24T10:26:31.745584+00:00 [running]> on host ml
[2024-01-24T18:26:51.245+0800] {taskinstance.py:1516} INFO - Exporting the following env vars:
AIRFLOW_CTX_DAG_OWNER=admin
AIRFLOW_CTX_DAG_ID=youtube_comments_score
AIRFLOW_CTX_TASK_ID=process_data
AIRFLOW_CTX_EXECUTION_DATE=2024-01-24T10:26:31.745584+00:00
AIRFLOW_CTX_TRY_NUMBER=1
AIRFLOW_CTX_DAG_RUN_ID=manual__2024-01-24T10:26:31.745584+00:00
[2024-01-24T18:26:51.247+0800] {subprocess.py:63} INFO - Tmp dir root location: 
 /tmp
[2024-01-24T18:26:51.248+0800] {subprocess.py:75} INFO - Running command: ['/usr/bin/bash', '-c', 'python3 /home/am/project/scripts/process_data.py']
[2024-01-24T18:26:51.275+0800] {subprocess.py:86} INFO - Output:
[2024-01-24T18:26:51.996+0800] {subprocess.py:97} INFO - Command exited with return code 0
[2024-01-24T18:26:52.127+0800] {taskinstance.py:1327} INFO - Marking task as SUCCESS. dag_id=youtube_comments_score, task_id=process_data, execution_date=20240124T102631, start_date=20240124T102650, end_date=20240124T102652
[2024-01-24T18:26:52.163+0800] {local_task_job.py:212} INFO - Task exited with return code 0
[2024-01-24T18:26:52.225+0800] {taskinstance.py:2596} INFO - 1 downstream tasks scheduled from follow-on schedule check
